[INFO] Scanning for projects...
[INFO] 
[INFO] -----------------------< com.example:Emart_CDAC >-----------------------
[INFO] Building Emart_CDAC 0.0.1-SNAPSHOT
[INFO]   from pom.xml
[INFO] --------------------------------[ jar ]---------------------------------
[INFO] 
[INFO] --- resources:3.3.1:resources (default-resources) @ Emart_CDAC ---
[INFO] Copying 1 resource from src\main\resources to target\classes
[INFO] Copying 250 resources from src\main\resources to target\classes
[INFO] 
[INFO] --- compiler:3.14.1:compile (default-compile) @ Emart_CDAC ---
[INFO] Recompiling the module because of changed source code.
[INFO] Compiling 99 source files with javac [debug parameters release 17] to target\classes
[INFO] ------------------------------------------------------------------------
[INFO] BUILD SUCCESS
[INFO] ------------------------------------------------------------------------
[INFO] Total time:  5.189 s
[INFO] Finished at: 2026-01-23T09:24:02+05:30
[INFO] ------------------------------------------------------------------------
