[INFO] Scanning for projects...
[WARNING] 
[WARNING] Some problems were encountered while building the effective model for com.example:Emart_CDAC:jar:0.0.1-SNAPSHOT
[WARNING] 'dependencies.dependency.(groupId:artifactId:type:classifier)' must be unique: org.springframework.boot:spring-boot-starter-mail:jar -> duplicate declaration of version (?) @ line 91, column 15
[WARNING] 'dependencies.dependency.(groupId:artifactId:type:classifier)' must be unique: org.springframework.boot:spring-boot-starter-security:jar -> duplicate declaration of version (?) @ line 127, column 15
[WARNING] 
[WARNING] It is highly recommended to fix these problems because they threaten the stability of your build.
[WARNING] 
[WARNING] For this reason, future Maven versions might no longer support building such malformed projects.
[WARNING] 
[INFO] 
[INFO] -----------------------< com.example:Emart_CDAC >-----------------------
[INFO] Building Emart_CDAC 0.0.1-SNAPSHOT
[INFO]   from pom.xml
[INFO] --------------------------------[ jar ]---------------------------------
[INFO] 
[INFO] --- resources:3.3.1:resources (default-resources) @ Emart_CDAC ---
[INFO] Copying 1 resource from src\main\resources to target\classes
[INFO] Copying 250 resources from src\main\resources to target\classes
[INFO] 
[INFO] --- compiler:3.14.1:compile (default-compile) @ Emart_CDAC ---
[INFO] Recompiling the module because of changed source code.
[INFO] Compiling 97 source files with javac [debug parameters release 17] to target\classes
[INFO] -------------------------------------------------------------
[ERROR] COMPILATION ERROR : 
[INFO] -------------------------------------------------------------
[ERROR] /D:/SM VITA/Placment prep/Emart/Java_Backend-Emart/Emart_CDAC/src/main/java/com/example/controllers/UserController.java:[87,1] duplicate class: com.example.controllers.LoginRequest
[ERROR] /D:/SM VITA/Placment prep/Emart/Java_Backend-Emart/Emart_CDAC/src/main/java/com/example/controllers/UserController.java:[111,1] duplicate class: com.example.controllers.TokenResponse
[INFO] 2 errors 
[INFO] -------------------------------------------------------------
[INFO] ------------------------------------------------------------------------
[INFO] BUILD FAILURE
[INFO] ------------------------------------------------------------------------
[INFO] Total time:  2.773 s
[INFO] Finished at: 2026-01-23T09:20:39+05:30
[INFO] ------------------------------------------------------------------------
[ERROR] Failed to execute goal org.apache.maven.plugins:maven-compiler-plugin:3.14.1:compile (default-compile) on project Emart_CDAC: Compilation failure: Compilation failure: 
[ERROR] /D:/SM VITA/Placment prep/Emart/Java_Backend-Emart/Emart_CDAC/src/main/java/com/example/controllers/UserController.java:[87,1] duplicate class: com.example.controllers.LoginRequest
[ERROR] /D:/SM VITA/Placment prep/Emart/Java_Backend-Emart/Emart_CDAC/src/main/java/com/example/controllers/UserController.java:[111,1] duplicate class: com.example.controllers.TokenResponse
[ERROR] -> [Help 1]
[ERROR] 
[ERROR] To see the full stack trace of the errors, re-run Maven with the -e switch.
[ERROR] Re-run Maven using the -X switch to enable full debug logging.
[ERROR] 
[ERROR] For more information about the errors and possible solutions, please read the following articles:
[ERROR] [Help 1] http://cwiki.apache.org/confluence/display/MAVEN/MojoFailureException
